Target: 50 states (top city per state) — UTC day 2026-05-31

Round 1: 50/50 states — need 0
Done — 50-state SLA met.
Target: 50 states (top city per state) — UTC day 2026-05-31

Round 1: 50/50 states — need 0
Done — 50-state SLA met.
[2026-06-02T08:03:38.484322+00:00] Inject for 49 states not yet published today
[2026-06-02T08:03:38.485999+00:00] Loaded 239 cities from cities.ts
[2026-06-02T08:03:38.539196+00:00] Daily 50-state rotation (2026-06-02): +0 new, 48 re-prioritized, 48 at queue front
[2026-06-02T08:03:38.570847+00:00] Daily 50-state injection complete
[2026-06-02T08:03:38.665654+00:00] Quality bar: score ≥100, words ≥3000
[2026-06-02T08:03:38.667507+00:00] Loaded 239 cities from cities.ts
[2026-06-02T08:03:38.721871+00:00] Daily 50-state rotation (2026-06-02): +0 new, 50 re-prioritized, 50 at queue front
[2026-06-02T08:03:38.753590+00:00] Mode: fifty-states-only (one city per state rotation)
[2026-06-02T08:03:38.755954+00:00] States already published today (UTC): 2 — ['Alabama', 'Arizona']
[2026-06-02T08:03:38.759143+00:00] Quality 30 / 554w (['below_3000_words', 'missing_faq_block', 'missing_ai_citation_block']) — premium template
[2026-06-02T08:03:38.759934+00:00] Materializing template → platinum for insurance-denied-your-claim-in-anchorage-alaska-2026
[2026-06-02T08:03:43.911501+00:00] After materialize: 100 / 3877w ([])
[2026-06-02T08:03:43.913132+00:00] Spanish OK for insurance-denied-your-claim-in-anchorage-alaska-2026 (3175 words)
[2026-06-02T08:03:43.916116+00:00] Spanish OK for insurance-denied-your-claim-in-anchorage-alaska-2026 (3175 words)
[2026-06-02T08:03:44.125551+00:00] PPT EN insurance-denied-your-claim-in-anchorage-alaska-2026: 14 slides (score 100) → /blog/presentations/insurance-denied-your-claim-in-anchorage-alaska-2026.pptx
[2026-06-02T08:03:44.209938+00:00] PPT ES insurance-denied-your-claim-in-anchorage-alaska-2026: 14 slides (score 100) → /blog/presentations/es/insurance-denied-your-claim-in-anchorage-alaska-2026.pptx
[2026-06-02T08:03:44.210035+00:00] Published /home/runner/work/injuredhelp-ai/injuredhelp-ai/content/blog/insurance-denied-your-claim-in-anchorage-alaska-2026.md
[2026-06-02T08:03:44.239658+00:00] IndexNow queued for insurance-denied-your-claim-in-anchorage-alaska-2026
[2026-06-02T08:03:46.283490+00:00] Quality 30 / 560w (['below_3000_words', 'missing_faq_block', 'missing_ai_citation_block']) — premium template
[2026-06-02T08:03:46.284402+00:00] Materializing template → platinum for arkansas-car-accident-statute-of-limitations-little-rock-2026
[2026-06-02T08:03:50.355974+00:00] After materialize: 100 / 3904w ([])
[2026-06-02T08:03:50.357351+00:00] Spanish OK for arkansas-car-accident-statute-of-limitations-little-rock-2026 (3197 words)
[2026-06-02T08:03:50.360420+00:00] Spanish OK for arkansas-car-accident-statute-of-limitations-little-rock-2026 (3197 words)
[2026-06-02T08:03:50.445492+00:00] PPT EN arkansas-car-accident-statute-of-limitations-little-rock-2026: 14 slides (score 100) → /blog/presentations/arkansas-car-accident-statute-of-limitations-little-rock-2026.pptx
[2026-06-02T08:03:50.531438+00:00] PPT ES arkansas-car-accident-statute-of-limitations-little-rock-2026: 14 slides (score 100) → /blog/presentations/es/arkansas-car-accident-statute-of-limitations-little-rock-2026.pptx
[2026-06-02T08:03:50.531530+00:00] Published /home/runner/work/injuredhelp-ai/injuredhelp-ai/content/blog/arkansas-car-accident-statute-of-limitations-little-rock-2026.md
[2026-06-02T08:03:50.561233+00:00] IndexNow queued for arkansas-car-accident-statute-of-limitations-little-rock-2026
[2026-06-02T08:03:52.604087+00:00] Quality 30 / 560w (['below_3000_words', 'missing_faq_block', 'missing_ai_citation_block']) — premium template
[2026-06-02T08:03:52.604884+00:00] Materializing template → platinum for california-car-accident-statute-of-limitations-los-angeles-2026
[2026-06-02T08:03:56.729269+00:00] After materialize: 100 / 3901w ([])
[2026-06-02T08:03:56.730627+00:00] Spanish OK for california-car-accident-statute-of-limitations-los-angeles-2026 (3195 words)
[2026-06-02T08:03:56.733658+00:00] Spanish OK for california-car-accident-statute-of-limitations-los-angeles-2026 (3195 words)
[2026-06-02T08:03:56.817946+00:00] PPT EN california-car-accident-statute-of-limitations-los-angeles-2026: 14 slides (score 100) → /blog/presentations/california-car-accident-statute-of-limitations-los-angeles-2026.pptx
[2026-06-02T08:03:56.902147+00:00] PPT ES california-car-accident-statute-of-limitations-los-angeles-2026: 14 slides (score 100) → /blog/presentations/es/california-car-accident-statute-of-limitations-los-angeles-2026.pptx
[2026-06-02T08:03:56.902236+00:00] Published /home/runner/work/injuredhelp-ai/injuredhelp-ai/content/blog/california-car-accident-statute-of-limitations-los-angeles-2026.md
[2026-06-02T08:03:56.931511+00:00] IndexNow queued for california-car-accident-statute-of-limitations-los-angeles-2026
[2026-06-02T08:03:58.974706+00:00] Quality 30 / 555w (['below_3000_words', 'missing_faq_block', 'missing_ai_citation_block']) — premium template
[2026-06-02T08:03:58.975537+00:00] Materializing template → platinum for 7-costly-car-accident-mistakes-in-denver-colorado-2026
[2026-06-02T08:04:03.111480+00:00] After materialize: 100 / 3883w ([])
[2026-06-02T08:04:03.113035+00:00] Spanish OK for 7-costly-car-accident-mistakes-in-denver-colorado-2026 (3187 words)
[2026-06-02T08:04:03.116133+00:00] Spanish OK for 7-costly-car-accident-mistakes-in-denver-colorado-2026 (3187 words)
[2026-06-02T08:04:03.201247+00:00] PPT EN 7-costly-car-accident-mistakes-in-denver-colorado-2026: 14 slides (score 100) → /blog/presentations/7-costly-car-accident-mistakes-in-denver-colorado-2026.pptx
[2026-06-02T08:04:03.298155+00:00] PPT ES 7-costly-car-accident-mistakes-in-denver-colorado-2026: 14 slides (score 100) → /blog/presentations/es/7-costly-car-accident-mistakes-in-denver-colorado-2026.pptx
[2026-06-02T08:04:03.298248+00:00] Published /home/runner/work/injuredhelp-ai/injuredhelp-ai/content/blog/7-costly-car-accident-mistakes-in-denver-colorado-2026.md
[2026-06-02T08:04:03.328134+00:00] IndexNow queued for 7-costly-car-accident-mistakes-in-denver-colorado-2026
[2026-06-02T08:04:05.371338+00:00] Quality 30 / 555w (['below_3000_words', 'missing_faq_block', 'missing_ai_citation_block']) — premium template
[2026-06-02T08:04:05.372142+00:00] Materializing template → platinum for connecticut-car-accident-statute-of-limitations-bridgeport-2026
[2026-06-02T08:04:09.521605+00:00] After materialize: 100 / 3893w ([])
[2026-06-02T08:04:09.523054+00:00] Spanish OK for connecticut-car-accident-statute-of-limitations-bridgeport-2026 (3183 words)
[2026-06-02T08:04:09.526118+00:00] Spanish OK for connecticut-car-accident-statute-of-limitations-bridgeport-2026 (3183 words)
[2026-06-02T08:04:09.610712+00:00] PPT EN connecticut-car-accident-statute-of-limitations-bridgeport-2026: 14 slides (score 100) → /blog/presentations/connecticut-car-accident-statute-of-limitations-bridgeport-2026.pptx
[2026-06-02T08:04:09.696543+00:00] PPT ES connecticut-car-accident-statute-of-limitations-bridgeport-2026: 14 slides (score 100) → /blog/presentations/es/connecticut-car-accident-statute-of-limitations-bridgeport-2026.pptx
[2026-06-02T08:04:09.696635+00:00] Published /home/runner/work/injuredhelp-ai/injuredhelp-ai/content/blog/connecticut-car-accident-statute-of-limitations-bridgeport-2026.md
[2026-06-02T08:04:09.729297+00:00] IndexNow queued for connecticut-car-accident-statute-of-limitations-bridgeport-2026
[2026-06-02T08:04:09.729703+00:00] Syndication → content/syndication/connecticut-car-accident-statute-of-limitations-bridgeport-2026.json
[2026-06-02T08:04:09.770865+00:00] Done: 5/5 published (platinum bar ≥100, ≥3000w) — ['insurance-denied-your-claim-in-anchorage-alaska-2026', 'arkansas-car-accident-statute-of-limitations-little-rock-2026', 'california-car-accident-statute-of-limitations-los-angeles-2026', '7-costly-car-accident-mistakes-in-denver-colorado-2026', 'connecticut-car-accident-statute-of-limitations-bridgeport-2026']
[2026-06-02T08:04:09.777091+00:00] Daily ledger (UTC): 4/50 states, 8 EN posts
[2026-06-02T08:04:10.032947+00:00]  "tail": "lorida step by step\u2026\n\u25cb [state] Best car accident lawyer in Georgia \u2014 how referral services work\u2026\n\u25cb [state] Truck accident lawyer Georgia 2026 guide\u2026\n\u25cb [state] Modified comparative fault car accidents Georgia\u2026\n\nReport \u2192 /home/runner/work/injuredhelp-ai/injuredhelp-ai/content/autopilot/ai_citation_report.json\n\nTip: export PERPLEXITY_API_KEY=... && node scripts/ai-citation-monitor.mjs --live --limit 15\n\nReport: /home/runner/work/injuredhelp-ai/injuredhelp-ai/content/autopilot/exposure_report.json\n{\n  \"at\": \"2026-06-02T08:04:09.918452+00:00\",\n  \"stats\": {\n    \"enPosts\": 618,\n    \"esPosts\": 618,\n    \"platinumEn\": 599,\n    \"lastUpdated\": \"2026-06-02\"\n  },\n  \"indexnow\": {\n    \"ok\": true,\n    \"returncode\": 0,\n    \"extraSlugs\": [\n      \"insurance-denied-your-claim-in-anchorage-alaska-2026\",\n      \"arkansas-car-accident-statute-of-limitations-little-rock-2026\",\n      \"california-car-accident-statute-of-limitations-los-angeles-2026\",\n      \"7-costly-car-accident-mistakes-in-denver-colorado-2026\",\n      \"connecticut-car-accident-statute-of-limitations-bridgeport-2026\"\n    ]\n  },\n  \"aiCitations\": {\n    \"ok\": true,\n    \"live\": false,\n    \"wreckmatchHitRate\": null,\n    \"totalPrompts\": null\n  }\n}\n"
    }
  ],
  "social_ready": {
    "exported": 1,
    "dir": "/home/runner/work/injuredhelp-ai/injuredhelp-ai/content/autopilot/social_ready"
  },
  "ok": false
}

[2026-06-02T08:04:10.033114+00:00] WARN organic_crush exit 1
[2026-06-02T08:04:10.149613+00:00] Inject for 47 states not yet published today
[2026-06-02T08:04:10.151246+00:00] Loaded 239 cities from cities.ts
[2026-06-02T08:04:10.205173+00:00] Daily 50-state rotation (2026-06-02): +0 new, 46 re-prioritized, 46 at queue front
[2026-06-02T08:04:10.236496+00:00] Daily 50-state injection complete
[2026-06-02T08:04:10.330716+00:00] Quality bar: score ≥100, words ≥3000
[2026-06-02T08:04:10.332649+00:00] Loaded 239 cities from cities.ts
[2026-06-02T08:04:10.387035+00:00] Daily 50-state rotation (2026-06-02): +0 new, 50 re-prioritized, 50 at queue front
[2026-06-02T08:04:10.418243+00:00] Mode: fifty-states-only (one city per state rotation)
[2026-06-02T08:04:10.420625+00:00] States already published today (UTC): 4 — ['Alabama', 'Alaska', 'Arizona', 'Colorado']
[2026-06-02T08:04:10.423441+00:00] Quality 30 / 559w (['below_3000_words', 'missing_faq_block', 'missing_ai_citation_block']) — premium template
[2026-06-02T08:04:10.424223+00:00] Materializing template → platinum for insurance-denied-your-claim-in-little-rock-arkansas-2026
[2026-06-02T08:04:14.569544+00:00] After materialize: 100 / 3899w ([])
[2026-06-02T08:04:14.571200+00:00] Spanish OK for insurance-denied-your-claim-in-little-rock-arkansas-2026 (3193 words)
[2026-06-02T08:04:14.574221+00:00] Spanish OK for insurance-denied-your-claim-in-little-rock-arkansas-2026 (3193 words)
[2026-06-02T08:04:14.718595+00:00] PPT EN insurance-denied-your-claim-in-little-rock-arkansas-2026: 14 slides (score 100) → /blog/presentations/insurance-denied-your-claim-in-little-rock-arkansas-2026.pptx
[2026-06-02T08:04:14.802516+00:00] PPT ES insurance-denied-your-claim-in-little-rock-arkansas-2026: 14 slides (score 100) → /blog/presentations/es/insurance-denied-your-claim-in-little-rock-arkansas-2026.pptx
[2026-06-02T08:04:14.802652+00:00] Published /home/runner/work/injuredhelp-ai/injuredhelp-ai/content/blog/insurance-denied-your-claim-in-little-rock-arkansas-2026.md
[2026-06-02T08:04:14.832537+00:00] IndexNow queued for insurance-denied-your-claim-in-little-rock-arkansas-2026
[2026-06-02T08:04:16.876434+00:00] Quality 30 / 559w (['below_3000_words', 'missing_faq_block', 'missing_ai_citation_block']) — premium template
[2026-06-02T08:04:16.877251+00:00] Materializing template → platinum for insurance-denied-your-claim-in-los-angeles-california-2026
[2026-06-02T08:04:21.003218+00:00] After materialize: 100 / 3896w ([])
[2026-06-02T08:04:21.004566+00:00] Spanish OK for insurance-denied-your-claim-in-los-angeles-california-2026 (3191 words)
[2026-06-02T08:04:21.007601+00:00] Spanish OK for insurance-denied-your-claim-in-los-angeles-california-2026 (3191 words)
[2026-06-02T08:04:21.093252+00:00] PPT EN insurance-denied-your-claim-in-los-angeles-california-2026: 14 slides (score 100) → /blog/presentations/insurance-denied-your-claim-in-los-angeles-california-2026.pptx
[2026-06-02T08:04:21.178525+00:00] PPT ES insurance-denied-your-claim-in-los-angeles-california-2026: 14 slides (score 100) → /blog/presentations/es/insurance-denied-your-claim-in-los-angeles-california-2026.pptx
[2026-06-02T08:04:21.178616+00:00] Published /home/runner/work/injuredhelp-ai/injuredhelp-ai/content/blog/insurance-denied-your-claim-in-los-angeles-california-2026.md
[2026-06-02T08:04:21.208008+00:00] IndexNow queued for insurance-denied-your-claim-in-los-angeles-california-2026
[2026-06-02T08:04:23.249494+00:00] Quality 30 / 554w (['below_3000_words', 'missing_faq_block', 'missing_ai_citation_block']) — premium template
[2026-06-02T08:04:23.250287+00:00] Materializing template → platinum for insurance-denied-your-claim-in-bridgeport-connecticut-2026
[2026-06-02T08:04:27.357752+00:00] After materialize: 100 / 3888w ([])
[2026-06-02T08:04:27.359151+00:00] Spanish OK for insurance-denied-your-claim-in-bridgeport-connecticut-2026 (3177 words)
[2026-06-02T08:04:27.362184+00:00] Spanish OK for insurance-denied-your-claim-in-bridgeport-connecticut-2026 (3177 words)
[2026-06-02T08:04:27.446240+00:00] PPT EN insurance-denied-your-claim-in-bridgeport-connecticut-2026: 14 slides (score 100) → /blog/presentations/insurance-denied-your-claim-in-bridgeport-connecticut-2026.pptx
[2026-06-02T08:04:27.530527+00:00] PPT ES insurance-denied-your-claim-in-bridgeport-connecticut-2026: 14 slides (score 100) → /blog/presentations/es/insurance-denied-your-claim-in-bridgeport-connecticut-2026.pptx
[2026-06-02T08:04:27.530614+00:00] Published /home/runner/work/injuredhelp-ai/injuredhelp-ai/content/blog/insurance-denied-your-claim-in-bridgeport-connecticut-2026.md
[2026-06-02T08:04:27.560196+00:00] IndexNow queued for insurance-denied-your-claim-in-bridgeport-connecticut-2026
[2026-06-02T08:04:29.601664+00:00] Quality 30 / 555w (['below_3000_words', 'missing_faq_block', 'missing_ai_citation_block']) — premium template
[2026-06-02T08:04:29.602452+00:00] Materializing template → platinum for delaware-car-accident-statute-of-limitations-wilmington-2026
[2026-06-02T08:04:33.715033+00:00] After materialize: 100 / 3882w ([])
[2026-06-02T08:04:33.716385+00:00] Spanish OK for delaware-car-accident-statute-of-limitations-wilmington-2026 (3185 words)
[2026-06-02T08:04:33.719353+00:00] Spanish OK for delaware-car-accident-statute-of-limitations-wilmington-2026 (3185 words)
[2026-06-02T08:04:33.803836+00:00] PPT EN delaware-car-accident-statute-of-limitations-wilmington-2026: 14 slides (score 100) → /blog/presentations/delaware-car-accident-statute-of-limitations-wilmington-2026.pptx
[2026-06-02T08:04:33.898114+00:00] PPT ES delaware-car-accident-statute-of-limitations-wilmington-2026: 14 slides (score 100) → /blog/presentations/es/delaware-car-accident-statute-of-limitations-wilmington-2026.pptx
[2026-06-02T08:04:33.898203+00:00] Published /home/runner/work/injuredhelp-ai/injuredhelp-ai/content/blog/delaware-car-accident-statute-of-limitations-wilmington-2026.md
[2026-06-02T08:04:33.927242+00:00] IndexNow queued for delaware-car-accident-statute-of-limitations-wilmington-2026
[2026-06-02T08:04:35.969302+00:00] Quality 30 / 565w (['below_3000_words', 'missing_faq_block', 'missing_ai_citation_block']) — premium template
[2026-06-02T08:04:35.970102+00:00] Materializing template → platinum for district-of-columbia-car-accident-statute-of-limitations-washington-2026
[2026-06-02T08:04:40.078538+00:00] After materialize: 100 / 3942w ([])
[2026-06-02T08:04:40.079911+00:00] Spanish OK for district-of-columbia-car-accident-statute-of-limitations-washington-2026 (3247 words)
[2026-06-02T08:04:40.082993+00:00] Spanish OK for district-of-columbia-car-accident-statute-of-limitations-washington-2026 (3247 words)
[2026-06-02T08:04:40.166086+00:00] PPT EN district-of-columbia-car-accident-statute-of-limitations-washington-2026: 14 slides (score 100) → /blog/presentations/district-of-columbia-car-accident-statute-of-limitations-washington-2026.pptx
[2026-06-02T08:04:40.249940+00:00] PPT ES district-of-columbia-car-accident-statute-of-limitations-washington-2026: 14 slides (score 100) → /blog/presentations/es/district-of-columbia-car-accident-statute-of-limitations-washington-2026.pptx
[2026-06-02T08:04:40.250031+00:00] Published /home/runner/work/injuredhelp-ai/injuredhelp-ai/content/blog/district-of-columbia-car-accident-statute-of-limitations-washington-2026.md
[2026-06-02T08:04:40.280224+00:00] IndexNow queued for district-of-columbia-car-accident-statute-of-limitations-washington-2026
[2026-06-02T08:04:40.280605+00:00] Syndication → content/syndication/district-of-columbia-car-accident-statute-of-limitations-washington-2026.json
[2026-06-02T08:04:40.319984+00:00] Done: 5/5 published (platinum bar ≥100, ≥3000w) — ['insurance-denied-your-claim-in-little-rock-arkansas-2026', 'insurance-denied-your-claim-in-los-angeles-california-2026', 'insurance-denied-your-claim-in-bridgeport-connecticut-2026', 'delaware-car-accident-statute-of-limitations-wilmington-2026', 'district-of-columbia-car-accident-statute-of-limitations-washington-2026']
[2026-06-02T08:04:40.324132+00:00] Daily ledger (UTC): 8/50 states, 13 EN posts
[2026-06-02T08:04:40.578640+00:00]  "tail": " by step\u2026\n\u25cb [state] Best car accident lawyer in Georgia \u2014 how referral services work\u2026\n\u25cb [state] Truck accident lawyer Georgia 2026 guide\u2026\n\u25cb [state] Modified comparative fault car accidents Georgia\u2026\n\nReport \u2192 /home/runner/work/injuredhelp-ai/injuredhelp-ai/content/autopilot/ai_citation_report.json\n\nTip: export PERPLEXITY_API_KEY=... && node scripts/ai-citation-monitor.mjs --live --limit 15\n\nReport: /home/runner/work/injuredhelp-ai/injuredhelp-ai/content/autopilot/exposure_report.json\n{\n  \"at\": \"2026-06-02T08:04:40.463738+00:00\",\n  \"stats\": {\n    \"enPosts\": 623,\n    \"esPosts\": 623,\n    \"platinumEn\": 604,\n    \"lastUpdated\": \"2026-06-02\"\n  },\n  \"indexnow\": {\n    \"ok\": true,\n    \"returncode\": 0,\n    \"extraSlugs\": [\n      \"insurance-denied-your-claim-in-little-rock-arkansas-2026\",\n      \"insurance-denied-your-claim-in-los-angeles-california-2026\",\n      \"insurance-denied-your-claim-in-bridgeport-connecticut-2026\",\n      \"delaware-car-accident-statute-of-limitations-wilmington-2026\",\n      \"district-of-columbia-car-accident-statute-of-limitations-washington-2026\"\n    ]\n  },\n  \"aiCitations\": {\n    \"ok\": true,\n    \"live\": false,\n    \"wreckmatchHitRate\": null,\n    \"totalPrompts\": null\n  }\n}\n"
    }
  ],
  "social_ready": {
    "exported": 1,
    "dir": "/home/runner/work/injuredhelp-ai/injuredhelp-ai/content/autopilot/social_ready"
  },
  "ok": false
}

[2026-06-02T08:04:40.578822+00:00] WARN organic_crush exit 1
[2026-06-02T08:04:40.695634+00:00] Inject for 43 states not yet published today
[2026-06-02T08:04:40.697280+00:00] Loaded 239 cities from cities.ts
[2026-06-02T08:04:40.749645+00:00] Daily 50-state rotation (2026-06-02): +0 new, 42 re-prioritized, 42 at queue front
[2026-06-02T08:04:40.780650+00:00] Daily 50-state injection complete
[2026-06-02T08:04:40.874815+00:00] Quality bar: score ≥100, words ≥3000
[2026-06-02T08:04:40.876713+00:00] Loaded 239 cities from cities.ts
[2026-06-02T08:04:40.930978+00:00] Daily 50-state rotation (2026-06-02): +0 new, 50 re-prioritized, 50 at queue front
[2026-06-02T08:04:40.961972+00:00] Mode: fifty-states-only (one city per state rotation)
[2026-06-02T08:04:40.964499+00:00] States already published today (UTC): 8 — ['Alabama', 'Alaska', 'Arizona', 'Arkansas', 'California', 'Colorado', 'Connecticut', 'Washington']
[2026-06-02T08:04:40.967248+00:00] Quality 30 / 554w (['below_3000_words', 'missing_faq_block', 'missing_ai_citation_block']) — premium template
[2026-06-02T08:04:40.968049+00:00] Materializing template → platinum for insurance-denied-your-claim-in-wilmington-delaware-2026
[2026-06-02T08:04:45.080101+00:00] After materialize: 100 / 3877w ([])
[2026-06-02T08:04:45.081769+00:00] Spanish OK for insurance-denied-your-claim-in-wilmington-delaware-2026 (3179 words)
[2026-06-02T08:04:45.084836+00:00] Spanish OK for insurance-denied-your-claim-in-wilmington-delaware-2026 (3179 words)
[2026-06-02T08:04:45.228419+00:00] PPT EN insurance-denied-your-claim-in-wilmington-delaware-2026: 14 slides (score 100) → /blog/presentations/insurance-denied-your-claim-in-wilmington-delaware-2026.pptx
[2026-06-02T08:04:45.313299+00:00] PPT ES insurance-denied-your-claim-in-wilmington-delaware-2026: 14 slides (score 100) → /blog/presentations/es/insurance-denied-your-claim-in-wilmington-delaware-2026.pptx
[2026-06-02T08:04:45.313391+00:00] Published /home/runner/work/injuredhelp-ai/injuredhelp-ai/content/blog/insurance-denied-your-claim-in-wilmington-delaware-2026.md
[2026-06-02T08:04:45.344240+00:00] IndexNow queued for insurance-denied-your-claim-in-wilmington-delaware-2026
[2026-06-02T08:04:47.387950+00:00] Quality 30 / 564w (['below_3000_words', 'missing_faq_block', 'missing_ai_citation_block']) — premium template
[2026-06-02T08:04:47.388767+00:00] Materializing template → platinum for insurance-denied-your-claim-in-washington-district-of-columbia-2026
[2026-06-02T08:04:51.493987+00:00] After materialize: 100 / 3937w ([])
[2026-06-02T08:04:51.495425+00:00] Spanish OK for insurance-denied-your-claim-in-washington-district-of-columbia-2026 (3241 words)
[2026-06-02T08:04:51.498494+00:00] Spanish OK for insurance-denied-your-claim-in-washington-district-of-columbia-2026 (3241 words)
[2026-06-02T08:04:51.583504+00:00] PPT EN insurance-denied-your-claim-in-washington-district-of-columbia-2026: 14 slides (score 100) → /blog/presentations/insurance-denied-your-claim-in-washington-district-of-columbia-2026.pptx
[2026-06-02T08:04:51.667400+00:00] PPT ES insurance-denied-your-claim-in-washington-district-of-columbia-2026: 14 slides (score 100) → /blog/presentations/es/insurance-denied-your-claim-in-washington-district-of-columbia-2026.pptx
[2026-06-02T08:04:51.667485+00:00] Published /home/runner/work/injuredhelp-ai/injuredhelp-ai/content/blog/insurance-denied-your-claim-in-washington-district-of-columbia-2026.md
[2026-06-02T08:04:51.696090+00:00] IndexNow queued for insurance-denied-your-claim-in-washington-district-of-columbia-2026
[2026-06-02T08:04:53.736837+00:00] Quality 30 / 555w (['below_3000_words', 'missing_faq_block', 'missing_ai_citation_block']) — premium template
[2026-06-02T08:04:53.737622+00:00] Materializing template → platinum for florida-car-accident-statute-of-limitations-miami-2026
[2026-06-02T08:04:57.794666+00:00] After materialize: 100 / 3906w ([])
[2026-06-02T08:04:57.796115+00:00] Spanish OK for florida-car-accident-statute-of-limitations-miami-2026 (3200 words)
[2026-06-02T08:04:57.799152+00:00] Spanish OK for florida-car-accident-statute-of-limitations-miami-2026 (3200 words)
[2026-06-02T08:04:57.883579+00:00] PPT EN florida-car-accident-statute-of-limitations-miami-2026: 14 slides (score 100) → /blog/presentations/florida-car-accident-statute-of-limitations-miami-2026.pptx
[2026-06-02T08:04:57.967642+00:00] PPT ES florida-car-accident-statute-of-limitations-miami-2026: 14 slides (score 100) → /blog/presentations/es/florida-car-accident-statute-of-limitations-miami-2026.pptx
[2026-06-02T08:04:57.967731+00:00] Published /home/runner/work/injuredhelp-ai/injuredhelp-ai/content/blog/florida-car-accident-statute-of-limitations-miami-2026.md
[2026-06-02T08:04:57.996645+00:00] IndexNow queued for florida-car-accident-statute-of-limitations-miami-2026
[2026-06-02T08:05:00.038289+00:00] Quality 30 / 555w (['below_3000_words', 'missing_faq_block', 'missing_ai_citation_block']) — premium template
[2026-06-02T08:05:00.039073+00:00] Materializing template → platinum for georgia-car-accident-statute-of-limitations-atlanta-2026
[2026-06-02T08:05:04.147840+00:00] After materialize: 100 / 3893w ([])
[2026-06-02T08:05:04.149227+00:00] Spanish OK for georgia-car-accident-statute-of-limitations-atlanta-2026 (3183 words)
[2026-06-02T08:05:04.152239+00:00] Spanish OK for georgia-car-accident-statute-of-limitations-atlanta-2026 (3183 words)
[2026-06-02T08:05:04.236457+00:00] PPT EN georgia-car-accident-statute-of-limitations-atlanta-2026: 14 slides (score 100) → /blog/presentations/georgia-car-accident-statute-of-limitations-atlanta-2026.pptx
[2026-06-02T08:05:04.330977+00:00] PPT ES georgia-car-accident-statute-of-limitations-atlanta-2026: 14 slides (score 100) → /blog/presentations/es/georgia-car-accident-statute-of-limitations-atlanta-2026.pptx
[2026-06-02T08:05:04.331070+00:00] Published /home/runner/work/injuredhelp-ai/injuredhelp-ai/content/blog/georgia-car-accident-statute-of-limitations-atlanta-2026.md
[2026-06-02T08:05:04.359348+00:00] IndexNow queued for georgia-car-accident-statute-of-limitations-atlanta-2026
[2026-06-02T08:05:06.401237+00:00] Quality 30 / 555w (['below_3000_words', 'missing_faq_block', 'missing_ai_citation_block']) — premium template
[2026-06-02T08:05:06.402107+00:00] Materializing template → platinum for hawaii-car-accident-statute-of-limitations-honolulu-2026
[2026-06-02T08:05:10.493436+00:00] After materialize: 100 / 3894w ([])
[2026-06-02T08:05:10.494835+00:00] Spanish OK for hawaii-car-accident-statute-of-limitations-honolulu-2026 (3198 words)
[2026-06-02T08:05:10.497826+00:00] Spanish OK for hawaii-car-accident-statute-of-limitations-honolulu-2026 (3198 words)
[2026-06-02T08:05:10.581171+00:00] PPT EN hawaii-car-accident-statute-of-limitations-honolulu-2026: 14 slides (score 100) → /blog/presentations/hawaii-car-accident-statute-of-limitations-honolulu-2026.pptx
[2026-06-02T08:05:10.664790+00:00] PPT ES hawaii-car-accident-statute-of-limitations-honolulu-2026: 14 slides (score 100) → /blog/presentations/es/hawaii-car-accident-statute-of-limitations-honolulu-2026.pptx
[2026-06-02T08:05:10.664920+00:00] Published /home/runner/work/injuredhelp-ai/injuredhelp-ai/content/blog/hawaii-car-accident-statute-of-limitations-honolulu-2026.md
[2026-06-02T08:05:10.693936+00:00] IndexNow queued for hawaii-car-accident-statute-of-limitations-honolulu-2026
[2026-06-02T08:05:10.694296+00:00] Syndication → content/syndication/hawaii-car-accident-statute-of-limitations-honolulu-2026.json
[2026-06-02T08:05:10.734025+00:00] Done: 5/5 published (platinum bar ≥100, ≥3000w) — ['insurance-denied-your-claim-in-wilmington-delaware-2026', 'insurance-denied-your-claim-in-washington-district-of-columbia-2026', 'florida-car-accident-statute-of-limitations-miami-2026', 'georgia-car-accident-statute-of-limitations-atlanta-2026', 'hawaii-car-accident-statute-of-limitations-honolulu-2026']
[2026-06-02T08:05:10.738520+00:00] Daily ledger (UTC): 10/50 states, 18 EN posts
[2026-06-02T08:05:10.987841+00:00]  "tail": " in Florida step by step\u2026\n\u25cb [state] Best car accident lawyer in Georgia \u2014 how referral services work\u2026\n\u25cb [state] Truck accident lawyer Georgia 2026 guide\u2026\n\u25cb [state] Modified comparative fault car accidents Georgia\u2026\n\nReport \u2192 /home/runner/work/injuredhelp-ai/injuredhelp-ai/content/autopilot/ai_citation_report.json\n\nTip: export PERPLEXITY_API_KEY=... && node scripts/ai-citation-monitor.mjs --live --limit 15\n\nReport: /home/runner/work/injuredhelp-ai/injuredhelp-ai/content/autopilot/exposure_report.json\n{\n  \"at\": \"2026-06-02T08:05:10.874350+00:00\",\n  \"stats\": {\n    \"enPosts\": 628,\n    \"esPosts\": 628,\n    \"platinumEn\": 609,\n    \"lastUpdated\": \"2026-06-02\"\n  },\n  \"indexnow\": {\n    \"ok\": true,\n    \"returncode\": 0,\n    \"extraSlugs\": [\n      \"insurance-denied-your-claim-in-wilmington-delaware-2026\",\n      \"insurance-denied-your-claim-in-washington-district-of-columbia-2026\",\n      \"florida-car-accident-statute-of-limitations-miami-2026\",\n      \"georgia-car-accident-statute-of-limitations-atlanta-2026\",\n      \"hawaii-car-accident-statute-of-limitations-honolulu-2026\"\n    ]\n  },\n  \"aiCitations\": {\n    \"ok\": true,\n    \"live\": false,\n    \"wreckmatchHitRate\": null,\n    \"totalPrompts\": null\n  }\n}\n"
    }
  ],
  "social_ready": {
    "exported": 1,
    "dir": "/home/runner/work/injuredhelp-ai/injuredhelp-ai/content/autopilot/social_ready"
  },
  "ok": false
}

[2026-06-02T08:05:10.987998+00:00] WARN organic_crush exit 1
Target: 50 states (top city per state) — UTC day 2026-06-02

Round 1: 2/50 states — need 48
After round 1: 4/50 states

Round 2: 4/50 states — need 46
After round 2: 8/50 states

Round 3: 8/50 states — need 42
After round 3: 10/50 states

Final: 10/50 states
Partial progress OK (10/50) — next scheduled run will continue.
[2026-06-02T18:52:35.224168+00:00] Inject for 27 states not yet published today
[2026-06-02T18:52:35.226033+00:00] Loaded 239 cities from cities.ts
[2026-06-02T18:52:35.275962+00:00] Daily 50-state rotation (2026-06-02): +0 new, 26 re-prioritized, 26 at queue front
[2026-06-02T18:52:35.346549+00:00] Daily 50-state injection complete
[2026-06-02T18:52:35.466094+00:00] Quality bar: score ≥100, words ≥3000
[2026-06-02T18:52:35.468185+00:00] Loaded 239 cities from cities.ts
[2026-06-02T18:52:35.529079+00:00] Daily 50-state rotation (2026-06-02): +0 new, 50 re-prioritized, 50 at queue front
[2026-06-02T18:52:35.563833+00:00] Mode: fifty-states-only (one city per state rotation)
[2026-06-02T18:52:35.567053+00:00] States already published today (UTC): 24 — ['Alabama', 'Alaska', 'Arizona', 'Arkansas', 'California', 'Colorado', 'Connecticut', 'Delaware', 'District of Columbia', 'Florida', 'Georgia', 'Hawaii', 'Idaho', 'Illinois', 'Indiana', 'Iowa', 'Kansas', 'Kentucky', 'Louisiana', 'Maine', 'Maryland', 'Massachusetts', 'Michigan', 'Washington']
[2026-06-02T18:52:35.570623+00:00] Quality 30 / 627w (['below_3000_words', 'missing_faq_block', 'missing_ai_citation_block']) — premium template
[2026-06-02T18:52:35.571567+00:00] Materializing template → platinum for semi-truck-accident-in-minneapolis-minnesota-what-to-do-2026
[2026-06-02T18:52:41.422947+00:00] After materialize: 100 / 4003w ([])
[2026-06-02T18:52:41.424786+00:00] Spanish OK for semi-truck-accident-in-minneapolis-minnesota-what-to-do-2026 (3229 words)
[2026-06-02T18:52:41.428212+00:00] Spanish OK for semi-truck-accident-in-minneapolis-minnesota-what-to-do-2026 (3229 words)
[2026-06-02T18:52:41.638616+00:00] PPT EN semi-truck-accident-in-minneapolis-minnesota-what-to-do-2026: 14 slides (score 100) → /blog/presentations/semi-truck-accident-in-minneapolis-minnesota-what-to-do-2026.pptx
[2026-06-02T18:52:41.740192+00:00] PPT ES semi-truck-accident-in-minneapolis-minnesota-what-to-do-2026: 14 slides (score 100) → /blog/presentations/es/semi-truck-accident-in-minneapolis-minnesota-what-to-do-2026.pptx
[2026-06-02T18:52:41.740289+00:00] Published /home/runner/work/injuredhelp-ai/injuredhelp-ai/content/blog/semi-truck-accident-in-minneapolis-minnesota-what-to-do-2026.md
[2026-06-02T18:52:41.771981+00:00] IndexNow queued for semi-truck-accident-in-minneapolis-minnesota-what-to-do-2026
[2026-06-02T18:52:43.819276+00:00] Quality 30 / 627w (['below_3000_words', 'missing_faq_block', 'missing_ai_citation_block']) — premium template
[2026-06-02T18:52:43.820268+00:00] Materializing template → platinum for semi-truck-accident-in-jackson-mississippi-what-to-do-2026
[2026-06-02T18:52:48.472380+00:00] After materialize: 100 / 3993w ([])
[2026-06-02T18:52:48.474004+00:00] Spanish OK for semi-truck-accident-in-jackson-mississippi-what-to-do-2026 (3212 words)
[2026-06-02T18:52:48.477469+00:00] Spanish OK for semi-truck-accident-in-jackson-mississippi-what-to-do-2026 (3212 words)
[2026-06-02T18:52:48.578884+00:00] PPT EN semi-truck-accident-in-jackson-mississippi-what-to-do-2026: 14 slides (score 100) → /blog/presentations/semi-truck-accident-in-jackson-mississippi-what-to-do-2026.pptx
[2026-06-02T18:52:48.681536+00:00] PPT ES semi-truck-accident-in-jackson-mississippi-what-to-do-2026: 14 slides (score 100) → /blog/presentations/es/semi-truck-accident-in-jackson-mississippi-what-to-do-2026.pptx
[2026-06-02T18:52:48.681651+00:00] Published /home/runner/work/injuredhelp-ai/injuredhelp-ai/content/blog/semi-truck-accident-in-jackson-mississippi-what-to-do-2026.md
[2026-06-02T18:52:48.713476+00:00] IndexNow queued for semi-truck-accident-in-jackson-mississippi-what-to-do-2026
[2026-06-02T18:52:50.758917+00:00] Quality 30 / 632w (['below_3000_words', 'missing_faq_block', 'missing_ai_citation_block']) — premium template
[2026-06-02T18:52:50.759892+00:00] Materializing template → platinum for semi-truck-accident-in-kansas-city-missouri-what-to-do-2026
[2026-06-02T18:52:55.425970+00:00] After materialize: 100 / 4004w ([])
[2026-06-02T18:52:55.427563+00:00] Spanish OK for semi-truck-accident-in-kansas-city-missouri-what-to-do-2026 (3228 words)
[2026-06-02T18:52:55.431132+00:00] Spanish OK for semi-truck-accident-in-kansas-city-missouri-what-to-do-2026 (3228 words)
[2026-06-02T18:52:55.530936+00:00] PPT EN semi-truck-accident-in-kansas-city-missouri-what-to-do-2026: 14 slides (score 100) → /blog/presentations/semi-truck-accident-in-kansas-city-missouri-what-to-do-2026.pptx
[2026-06-02T18:52:55.632299+00:00] PPT ES semi-truck-accident-in-kansas-city-missouri-what-to-do-2026: 14 slides (score 100) → /blog/presentations/es/semi-truck-accident-in-kansas-city-missouri-what-to-do-2026.pptx
[2026-06-02T18:52:55.632411+00:00] Published /home/runner/work/injuredhelp-ai/injuredhelp-ai/content/blog/semi-truck-accident-in-kansas-city-missouri-what-to-do-2026.md
[2026-06-02T18:52:55.665865+00:00] IndexNow queued for semi-truck-accident-in-kansas-city-missouri-what-to-do-2026
[2026-06-02T18:52:57.712171+00:00] Quality 30 / 627w (['below_3000_words', 'missing_faq_block', 'missing_ai_citation_block']) — premium template
[2026-06-02T18:52:57.713136+00:00] Materializing template → platinum for semi-truck-accident-in-billings-montana-what-to-do-2026
[2026-06-02T18:53:02.322982+00:00] After materialize: 100 / 3993w ([])
[2026-06-02T18:53:02.324571+00:00] Spanish OK for semi-truck-accident-in-billings-montana-what-to-do-2026 (3216 words)
[2026-06-02T18:53:02.328029+00:00] Spanish OK for semi-truck-accident-in-billings-montana-what-to-do-2026 (3216 words)
[2026-06-02T18:53:02.426737+00:00] PPT EN semi-truck-accident-in-billings-montana-what-to-do-2026: 14 slides (score 100) → /blog/presentations/semi-truck-accident-in-billings-montana-what-to-do-2026.pptx
[2026-06-02T18:53:02.536481+00:00] PPT ES semi-truck-accident-in-billings-montana-what-to-do-2026: 14 slides (score 100) → /blog/presentations/es/semi-truck-accident-in-billings-montana-what-to-do-2026.pptx
[2026-06-02T18:53:02.536579+00:00] Published /home/runner/work/injuredhelp-ai/injuredhelp-ai/content/blog/semi-truck-accident-in-billings-montana-what-to-do-2026.md
[2026-06-02T18:53:02.568517+00:00] IndexNow queued for semi-truck-accident-in-billings-montana-what-to-do-2026
[2026-06-02T18:53:04.614043+00:00] Quality 30 / 627w (['below_3000_words', 'missing_faq_block', 'missing_ai_citation_block']) — premium template
[2026-06-02T18:53:04.614994+00:00] Materializing template → platinum for semi-truck-accident-in-omaha-nebraska-what-to-do-2026
[2026-06-02T18:53:09.206925+00:00] After materialize: 100 / 3993w ([])
[2026-06-02T18:53:09.208461+00:00] Spanish OK for semi-truck-accident-in-omaha-nebraska-what-to-do-2026 (3216 words)
[2026-06-02T18:53:09.211858+00:00] Spanish OK for semi-truck-accident-in-omaha-nebraska-what-to-do-2026 (3216 words)
[2026-06-02T18:53:09.310562+00:00] PPT EN semi-truck-accident-in-omaha-nebraska-what-to-do-2026: 14 slides (score 100) → /blog/presentations/semi-truck-accident-in-omaha-nebraska-what-to-do-2026.pptx
[2026-06-02T18:53:09.410898+00:00] PPT ES semi-truck-accident-in-omaha-nebraska-what-to-do-2026: 14 slides (score 100) → /blog/presentations/es/semi-truck-accident-in-omaha-nebraska-what-to-do-2026.pptx
[2026-06-02T18:53:09.411002+00:00] Published /home/runner/work/injuredhelp-ai/injuredhelp-ai/content/blog/semi-truck-accident-in-omaha-nebraska-what-to-do-2026.md
[2026-06-02T18:53:09.444065+00:00] IndexNow queued for semi-truck-accident-in-omaha-nebraska-what-to-do-2026
[2026-06-02T18:53:09.444589+00:00] Syndication → content/syndication/semi-truck-accident-in-omaha-nebraska-what-to-do-2026.json
[2026-06-02T18:53:09.488045+00:00] Done: 5/5 published (platinum bar ≥100, ≥3000w) — ['semi-truck-accident-in-minneapolis-minnesota-what-to-do-2026', 'semi-truck-accident-in-jackson-mississippi-what-to-do-2026', 'semi-truck-accident-in-kansas-city-missouri-what-to-do-2026', 'semi-truck-accident-in-billings-montana-what-to-do-2026', 'semi-truck-accident-in-omaha-nebraska-what-to-do-2026']
[2026-06-02T18:53:09.496045+00:00] Daily ledger (UTC): 29/50 states, 39 EN posts
[2026-06-02T18:53:09.785971+00:00]  "tail": "ent in Florida step by step\u2026\n\u25cb [state] Best car accident lawyer in Georgia \u2014 how referral services work\u2026\n\u25cb [state] Truck accident lawyer Georgia 2026 guide\u2026\n\u25cb [state] Modified comparative fault car accidents Georgia\u2026\n\nReport \u2192 /home/runner/work/injuredhelp-ai/injuredhelp-ai/content/autopilot/ai_citation_report.json\n\nTip: export PERPLEXITY_API_KEY=... && node scripts/ai-citation-monitor.mjs --live --limit 15\n\nReport: /home/runner/work/injuredhelp-ai/injuredhelp-ai/content/autopilot/exposure_report.json\n{\n  \"at\": \"2026-06-02T18:53:09.658844+00:00\",\n  \"stats\": {\n    \"enPosts\": 649,\n    \"esPosts\": 649,\n    \"platinumEn\": 630,\n    \"lastUpdated\": \"2026-06-02\"\n  },\n  \"indexnow\": {\n    \"ok\": true,\n    \"returncode\": 0,\n    \"extraSlugs\": [\n      \"semi-truck-accident-in-minneapolis-minnesota-what-to-do-2026\",\n      \"semi-truck-accident-in-jackson-mississippi-what-to-do-2026\",\n      \"semi-truck-accident-in-kansas-city-missouri-what-to-do-2026\",\n      \"semi-truck-accident-in-billings-montana-what-to-do-2026\",\n      \"semi-truck-accident-in-omaha-nebraska-what-to-do-2026\"\n    ]\n  },\n  \"aiCitations\": {\n    \"ok\": true,\n    \"live\": false,\n    \"wreckmatchHitRate\": null,\n    \"totalPrompts\": null\n  }\n}\n"
    }
  ],
  "social_ready": {
    "exported": 1,
    "dir": "/home/runner/work/injuredhelp-ai/injuredhelp-ai/content/autopilot/social_ready"
  },
  "ok": false
}

[2026-06-02T18:53:09.786150+00:00] WARN organic_crush exit 1
[2026-06-02T18:53:09.917649+00:00] Inject for 22 states not yet published today
[2026-06-02T18:53:09.919414+00:00] Loaded 239 cities from cities.ts
[2026-06-02T18:53:09.971783+00:00] Daily 50-state rotation (2026-06-02): +0 new, 21 re-prioritized, 21 at queue front
[2026-06-02T18:53:10.004732+00:00] Daily 50-state injection complete
[2026-06-02T18:53:10.108053+00:00] Quality bar: score ≥100, words ≥3000
[2026-06-02T18:53:10.110150+00:00] Loaded 239 cities from cities.ts
[2026-06-02T18:53:10.167969+00:00] Daily 50-state rotation (2026-06-02): +0 new, 50 re-prioritized, 50 at queue front
[2026-06-02T18:53:10.201655+00:00] Mode: fifty-states-only (one city per state rotation)
[2026-06-02T18:53:10.204986+00:00] States already published today (UTC): 29 — ['Alabama', 'Alaska', 'Arizona', 'Arkansas', 'California', 'Colorado', 'Connecticut', 'Delaware', 'District of Columbia', 'Florida', 'Georgia', 'Hawaii', 'Idaho', 'Illinois', 'Indiana', 'Iowa', 'Kansas', 'Kentucky', 'Louisiana', 'Maine', 'Maryland', 'Massachusetts', 'Michigan', 'Minnesota', 'Mississippi', 'Missouri', 'Montana', 'Nebraska', 'Washington']
[2026-06-02T18:53:10.208037+00:00] Quality 30 / 632w (['below_3000_words', 'missing_faq_block', 'missing_ai_citation_block']) — premium template
[2026-06-02T18:53:10.208982+00:00] Materializing template → platinum for semi-truck-accident-in-las-vegas-nevada-what-to-do-2026
[2026-06-02T18:53:14.824492+00:00] After materialize: 100 / 4004w ([])
[2026-06-02T18:53:14.826375+00:00] Spanish OK for semi-truck-accident-in-las-vegas-nevada-what-to-do-2026 (3232 words)
[2026-06-02T18:53:14.829849+00:00] Spanish OK for semi-truck-accident-in-las-vegas-nevada-what-to-do-2026 (3232 words)
[2026-06-02T18:53:14.999960+00:00] PPT EN semi-truck-accident-in-las-vegas-nevada-what-to-do-2026: 14 slides (score 100) → /blog/presentations/semi-truck-accident-in-las-vegas-nevada-what-to-do-2026.pptx
[2026-06-02T18:53:15.103102+00:00] PPT ES semi-truck-accident-in-las-vegas-nevada-what-to-do-2026: 14 slides (score 100) → /blog/presentations/es/semi-truck-accident-in-las-vegas-nevada-what-to-do-2026.pptx
[2026-06-02T18:53:15.103239+00:00] Published /home/runner/work/injuredhelp-ai/injuredhelp-ai/content/blog/semi-truck-accident-in-las-vegas-nevada-what-to-do-2026.md
[2026-06-02T18:53:15.144466+00:00] IndexNow queued for semi-truck-accident-in-las-vegas-nevada-what-to-do-2026
[2026-06-02T18:53:17.195060+00:00] Quality 30 / 632w (['below_3000_words', 'missing_faq_block', 'missing_ai_citation_block']) — premium template
[2026-06-02T18:53:17.196066+00:00] Materializing template → platinum for semi-truck-accident-in-manchester-new-hampshire-what-to-do-2026
[2026-06-02T18:53:21.688029+00:00] After materialize: 100 / 4023w ([])
[2026-06-02T18:53:21.689647+00:00] Spanish OK for semi-truck-accident-in-manchester-new-hampshire-what-to-do-2026 (3248 words)
[2026-06-02T18:53:21.693121+00:00] Spanish OK for semi-truck-accident-in-manchester-new-hampshire-what-to-do-2026 (3248 words)
[2026-06-02T18:53:21.792373+00:00] PPT EN semi-truck-accident-in-manchester-new-hampshire-what-to-do-2026: 14 slides (score 100) → /blog/presentations/semi-truck-accident-in-manchester-new-hampshire-what-to-do-2026.pptx
[2026-06-02T18:53:21.890048+00:00] PPT ES semi-truck-accident-in-manchester-new-hampshire-what-to-do-2026: 14 slides (score 100) → /blog/presentations/es/semi-truck-accident-in-manchester-new-hampshire-what-to-do-2026.pptx
[2026-06-02T18:53:21.890134+00:00] Published /home/runner/work/injuredhelp-ai/injuredhelp-ai/content/blog/semi-truck-accident-in-manchester-new-hampshire-what-to-do-2026.md
[2026-06-02T18:53:21.921748+00:00] IndexNow queued for semi-truck-accident-in-manchester-new-hampshire-what-to-do-2026
[2026-06-02T18:53:23.967325+00:00] Quality 30 / 632w (['below_3000_words', 'missing_faq_block', 'missing_ai_citation_block']) — premium template
[2026-06-02T18:53:23.968299+00:00] Materializing template → platinum for semi-truck-accident-in-newark-new-jersey-what-to-do-2026
[2026-06-02T18:53:28.499974+00:00] After materialize: 100 / 4037w ([])
[2026-06-02T18:53:28.501695+00:00] Spanish OK for semi-truck-accident-in-newark-new-jersey-what-to-do-2026 (3264 words)
[2026-06-02T18:53:28.505353+00:00] Spanish OK for semi-truck-accident-in-newark-new-jersey-what-to-do-2026 (3264 words)
[2026-06-02T18:53:28.607183+00:00] PPT EN semi-truck-accident-in-newark-new-jersey-what-to-do-2026: 14 slides (score 100) → /blog/presentations/semi-truck-accident-in-newark-new-jersey-what-to-do-2026.pptx
[2026-06-02T18:53:28.710017+00:00] PPT ES semi-truck-accident-in-newark-new-jersey-what-to-do-2026: 14 slides (score 100) → /blog/presentations/es/semi-truck-accident-in-newark-new-jersey-what-to-do-2026.pptx
[2026-06-02T18:53:28.710132+00:00] Published /home/runner/work/injuredhelp-ai/injuredhelp-ai/content/blog/semi-truck-accident-in-newark-new-jersey-what-to-do-2026.md
[2026-06-02T18:53:28.744886+00:00] IndexNow queued for semi-truck-accident-in-newark-new-jersey-what-to-do-2026
[2026-06-02T18:53:30.791220+00:00] Quality 30 / 632w (['below_3000_words', 'missing_faq_block', 'missing_ai_citation_block']) — premium template
[2026-06-02T18:53:30.792217+00:00] Materializing template → platinum for semi-truck-accident-in-albuquerque-new-mexico-what-to-do-2026
[2026-06-02T18:53:35.411916+00:00] After materialize: 100 / 4023w ([])
[2026-06-02T18:53:35.413591+00:00] Spanish OK for semi-truck-accident-in-albuquerque-new-mexico-what-to-do-2026 (3244 words)
[2026-06-02T18:53:35.417134+00:00] Spanish OK for semi-truck-accident-in-albuquerque-new-mexico-what-to-do-2026 (3244 words)
[2026-06-02T18:53:35.519569+00:00] PPT EN semi-truck-accident-in-albuquerque-new-mexico-what-to-do-2026: 14 slides (score 100) → /blog/presentations/semi-truck-accident-in-albuquerque-new-mexico-what-to-do-2026.pptx
[2026-06-02T18:53:35.638981+00:00] PPT ES semi-truck-accident-in-albuquerque-new-mexico-what-to-do-2026: 14 slides (score 100) → /blog/presentations/es/semi-truck-accident-in-albuquerque-new-mexico-what-to-do-2026.pptx
[2026-06-02T18:53:35.639103+00:00] Published /home/runner/work/injuredhelp-ai/injuredhelp-ai/content/blog/semi-truck-accident-in-albuquerque-new-mexico-what-to-do-2026.md
[2026-06-02T18:53:35.672507+00:00] IndexNow queued for semi-truck-accident-in-albuquerque-new-mexico-what-to-do-2026
[2026-06-02T18:53:37.719065+00:00] Quality 30 / 642w (['below_3000_words', 'missing_faq_block', 'missing_ai_citation_block']) — premium template
[2026-06-02T18:53:37.720103+00:00] Materializing template → platinum for semi-truck-accident-in-new-york-city-new-york-what-to-do-2026
[2026-06-02T18:53:42.254436+00:00] After materialize: 100 / 4068w ([])
[2026-06-02T18:53:42.256221+00:00] Spanish OK for semi-truck-accident-in-new-york-city-new-york-what-to-do-2026 (3292 words)
[2026-06-02T18:53:42.259623+00:00] Spanish OK for semi-truck-accident-in-new-york-city-new-york-what-to-do-2026 (3292 words)
[2026-06-02T18:53:42.358549+00:00] PPT EN semi-truck-accident-in-new-york-city-new-york-what-to-do-2026: 14 slides (score 100) → /blog/presentations/semi-truck-accident-in-new-york-city-new-york-what-to-do-2026.pptx
[2026-06-02T18:53:42.457808+00:00] PPT ES semi-truck-accident-in-new-york-city-new-york-what-to-do-2026: 14 slides (score 100) → /blog/presentations/es/semi-truck-accident-in-new-york-city-new-york-what-to-do-2026.pptx
[2026-06-02T18:53:42.457913+00:00] Published /home/runner/work/injuredhelp-ai/injuredhelp-ai/content/blog/semi-truck-accident-in-new-york-city-new-york-what-to-do-2026.md
[2026-06-02T18:53:42.489895+00:00] IndexNow queued for semi-truck-accident-in-new-york-city-new-york-what-to-do-2026
[2026-06-02T18:53:42.490367+00:00] Syndication → content/syndication/semi-truck-accident-in-new-york-city-new-york-what-to-do-2026.json
[2026-06-02T18:53:42.533268+00:00] Done: 5/5 published (platinum bar ≥100, ≥3000w) — ['semi-truck-accident-in-las-vegas-nevada-what-to-do-2026', 'semi-truck-accident-in-manchester-new-hampshire-what-to-do-2026', 'semi-truck-accident-in-newark-new-jersey-what-to-do-2026', 'semi-truck-accident-in-albuquerque-new-mexico-what-to-do-2026', 'semi-truck-accident-in-new-york-city-new-york-what-to-do-2026']
[2026-06-02T18:53:42.538822+00:00] Daily ledger (UTC): 34/50 states, 44 EN posts
[2026-06-02T18:53:42.822786+00:00]  "tail": "ida step by step\u2026\n\u25cb [state] Best car accident lawyer in Georgia \u2014 how referral services work\u2026\n\u25cb [state] Truck accident lawyer Georgia 2026 guide\u2026\n\u25cb [state] Modified comparative fault car accidents Georgia\u2026\n\nReport \u2192 /home/runner/work/injuredhelp-ai/injuredhelp-ai/content/autopilot/ai_citation_report.json\n\nTip: export PERPLEXITY_API_KEY=... && node scripts/ai-citation-monitor.mjs --live --limit 15\n\nReport: /home/runner/work/injuredhelp-ai/injuredhelp-ai/content/autopilot/exposure_report.json\n{\n  \"at\": \"2026-06-02T18:53:42.697843+00:00\",\n  \"stats\": {\n    \"enPosts\": 654,\n    \"esPosts\": 654,\n    \"platinumEn\": 635,\n    \"lastUpdated\": \"2026-06-02\"\n  },\n  \"indexnow\": {\n    \"ok\": true,\n    \"returncode\": 0,\n    \"extraSlugs\": [\n      \"semi-truck-accident-in-las-vegas-nevada-what-to-do-2026\",\n      \"semi-truck-accident-in-manchester-new-hampshire-what-to-do-2026\",\n      \"semi-truck-accident-in-newark-new-jersey-what-to-do-2026\",\n      \"semi-truck-accident-in-albuquerque-new-mexico-what-to-do-2026\",\n      \"semi-truck-accident-in-new-york-city-new-york-what-to-do-2026\"\n    ]\n  },\n  \"aiCitations\": {\n    \"ok\": true,\n    \"live\": false,\n    \"wreckmatchHitRate\": null,\n    \"totalPrompts\": null\n  }\n}\n"
    }
  ],
  "social_ready": {
    "exported": 1,
    "dir": "/home/runner/work/injuredhelp-ai/injuredhelp-ai/content/autopilot/social_ready"
  },
  "ok": false
}

[2026-06-02T18:53:42.822966+00:00] WARN organic_crush exit 1
[2026-06-02T18:53:42.951477+00:00] Inject for 17 states not yet published today
[2026-06-02T18:53:42.953266+00:00] Loaded 239 cities from cities.ts
[2026-06-02T18:53:43.003865+00:00] Daily 50-state rotation (2026-06-02): +0 new, 16 re-prioritized, 16 at queue front
[2026-06-02T18:53:43.037368+00:00] Daily 50-state injection complete
[2026-06-02T18:53:43.141584+00:00] Quality bar: score ≥100, words ≥3000
[2026-06-02T18:53:43.143835+00:00] Loaded 239 cities from cities.ts
[2026-06-02T18:53:43.202571+00:00] Daily 50-state rotation (2026-06-02): +0 new, 50 re-prioritized, 50 at queue front
[2026-06-02T18:53:43.236188+00:00] Mode: fifty-states-only (one city per state rotation)
[2026-06-02T18:53:43.239564+00:00] States already published today (UTC): 34 — ['Alabama', 'Alaska', 'Arizona', 'Arkansas', 'California', 'Colorado', 'Connecticut', 'Delaware', 'District of Columbia', 'Florida', 'Georgia', 'Hawaii', 'Idaho', 'Illinois', 'Indiana', 'Iowa', 'Kansas', 'Kentucky', 'Louisiana', 'Maine', 'Maryland', 'Massachusetts', 'Michigan', 'Minnesota', 'Mississippi', 'Missouri', 'Montana', 'Nebraska', 'Nevada', 'New Hampshire', 'New Jersey', 'New Mexico', 'New York', 'Washington']
[2026-06-02T18:53:43.242567+00:00] Quality 30 / 560w (['below_3000_words', 'missing_faq_block', 'missing_ai_citation_block']) — premium template
[2026-06-02T18:53:43.243444+00:00] Materializing template → platinum for north-carolina-car-accident-statute-of-limitations-charlotte-2026
[2026-06-02T18:53:47.774207+00:00] After materialize: 100 / 3922w ([])
[2026-06-02T18:53:47.776020+00:00] Spanish OK for north-carolina-car-accident-statute-of-limitations-charlotte-2026 (3224 words)
[2026-06-02T18:53:47.779512+00:00] Spanish OK for north-carolina-car-accident-statute-of-limitations-charlotte-2026 (3224 words)
[2026-06-02T18:53:47.943028+00:00] PPT EN north-carolina-car-accident-statute-of-limitations-charlotte-2026: 14 slides (score 100) → /blog/presentations/north-carolina-car-accident-statute-of-limitations-charlotte-2026.pptx
[2026-06-02T18:53:48.039991+00:00] PPT ES north-carolina-car-accident-statute-of-limitations-charlotte-2026: 14 slides (score 100) → /blog/presentations/es/north-carolina-car-accident-statute-of-limitations-charlotte-2026.pptx
[2026-06-02T18:53:48.040090+00:00] Published /home/runner/work/injuredhelp-ai/injuredhelp-ai/content/blog/north-carolina-car-accident-statute-of-limitations-charlotte-2026.md
[2026-06-02T18:53:48.071654+00:00] IndexNow queued for north-carolina-car-accident-statute-of-limitations-charlotte-2026
[2026-06-02T18:53:50.119346+00:00] Quality 30 / 632w (['below_3000_words', 'missing_faq_block', 'missing_ai_citation_block']) — premium template
[2026-06-02T18:53:50.120329+00:00] Materializing template → platinum for semi-truck-accident-in-fargo-north-dakota-what-to-do-2026
[2026-06-02T18:53:54.547988+00:00] After materialize: 100 / 4045w ([])
[2026-06-02T18:53:54.549629+00:00] Spanish OK for semi-truck-accident-in-fargo-north-dakota-what-to-do-2026 (3259 words)
[2026-06-02T18:53:54.553069+00:00] Spanish OK for semi-truck-accident-in-fargo-north-dakota-what-to-do-2026 (3259 words)
[2026-06-02T18:53:54.650771+00:00] PPT EN semi-truck-accident-in-fargo-north-dakota-what-to-do-2026: 14 slides (score 100) → /blog/presentations/semi-truck-accident-in-fargo-north-dakota-what-to-do-2026.pptx
[2026-06-02T18:53:54.746517+00:00] PPT ES semi-truck-accident-in-fargo-north-dakota-what-to-do-2026: 14 slides (score 100) → /blog/presentations/es/semi-truck-accident-in-fargo-north-dakota-what-to-do-2026.pptx
[2026-06-02T18:53:54.746607+00:00] Published /home/runner/work/injuredhelp-ai/injuredhelp-ai/content/blog/semi-truck-accident-in-fargo-north-dakota-what-to-do-2026.md
[2026-06-02T18:53:54.778269+00:00] IndexNow queued for semi-truck-accident-in-fargo-north-dakota-what-to-do-2026
[2026-06-02T18:53:56.822328+00:00] Quality 30 / 555w (['below_3000_words', 'missing_faq_block', 'missing_ai_citation_block']) — premium template
[2026-06-02T18:53:56.823227+00:00] Materializing template → platinum for ohio-car-accident-statute-of-limitations-columbus-2026
[2026-06-02T18:54:01.311611+00:00] After materialize: 100 / 3884w ([])
[2026-06-02T18:54:01.313161+00:00] Spanish OK for ohio-car-accident-statute-of-limitations-columbus-2026 (3185 words)
[2026-06-02T18:54:01.316461+00:00] Spanish OK for ohio-car-accident-statute-of-limitations-columbus-2026 (3185 words)
[2026-06-02T18:54:01.414175+00:00] PPT EN ohio-car-accident-statute-of-limitations-columbus-2026: 14 slides (score 100) → /blog/presentations/ohio-car-accident-statute-of-limitations-columbus-2026.pptx
[2026-06-02T18:54:01.510332+00:00] PPT ES ohio-car-accident-statute-of-limitations-columbus-2026: 14 slides (score 100) → /blog/presentations/es/ohio-car-accident-statute-of-limitations-columbus-2026.pptx
[2026-06-02T18:54:01.510411+00:00] Published /home/runner/work/injuredhelp-ai/injuredhelp-ai/content/blog/ohio-car-accident-statute-of-limitations-columbus-2026.md
[2026-06-02T18:54:01.541646+00:00] IndexNow queued for ohio-car-accident-statute-of-limitations-columbus-2026
[2026-06-02T18:54:03.586426+00:00] Quality 30 / 632w (['below_3000_words', 'missing_faq_block', 'missing_ai_citation_block']) — premium template
[2026-06-02T18:54:03.587390+00:00] Materializing template → platinum for semi-truck-accident-in-oklahoma-city-oklahoma-what-to-do-2026
[2026-06-02T18:54:08.020434+00:00] After materialize: 100 / 4006w ([])
[2026-06-02T18:54:08.022118+00:00] Spanish OK for semi-truck-accident-in-oklahoma-city-oklahoma-what-to-do-2026 (3232 words)
[2026-06-02T18:54:08.025540+00:00] Spanish OK for semi-truck-accident-in-oklahoma-city-oklahoma-what-to-do-2026 (3232 words)
[2026-06-02T18:54:08.125366+00:00] PPT EN semi-truck-accident-in-oklahoma-city-oklahoma-what-to-do-2026: 14 slides (score 100) → /blog/presentations/semi-truck-accident-in-oklahoma-city-oklahoma-what-to-do-2026.pptx
[2026-06-02T18:54:08.239138+00:00] PPT ES semi-truck-accident-in-oklahoma-city-oklahoma-what-to-do-2026: 14 slides (score 100) → /blog/presentations/es/semi-truck-accident-in-oklahoma-city-oklahoma-what-to-do-2026.pptx
[2026-06-02T18:54:08.239263+00:00] Published /home/runner/work/injuredhelp-ai/injuredhelp-ai/content/blog/semi-truck-accident-in-oklahoma-city-oklahoma-what-to-do-2026.md
[2026-06-02T18:54:08.270708+00:00] IndexNow queued for semi-truck-accident-in-oklahoma-city-oklahoma-what-to-do-2026
[2026-06-02T18:54:10.315676+00:00] Quality 30 / 627w (['below_3000_words', 'missing_faq_block', 'missing_ai_citation_block']) — premium template
[2026-06-02T18:54:10.316633+00:00] Materializing template → platinum for semi-truck-accident-in-portland-oregon-what-to-do-2026
[2026-06-02T18:54:14.897829+00:00] After materialize: 100 / 4004w ([])
[2026-06-02T18:54:14.899377+00:00] Spanish OK for semi-truck-accident-in-portland-oregon-what-to-do-2026 (3214 words)
[2026-06-02T18:54:14.902815+00:00] Spanish OK for semi-truck-accident-in-portland-oregon-what-to-do-2026 (3214 words)
[2026-06-02T18:54:15.004821+00:00] PPT EN semi-truck-accident-in-portland-oregon-what-to-do-2026: 14 slides (score 100) → /blog/presentations/semi-truck-accident-in-portland-oregon-what-to-do-2026.pptx
[2026-06-02T18:54:15.104808+00:00] PPT ES semi-truck-accident-in-portland-oregon-what-to-do-2026: 14 slides (score 100) → /blog/presentations/es/semi-truck-accident-in-portland-oregon-what-to-do-2026.pptx
[2026-06-02T18:54:15.104913+00:00] Published /home/runner/work/injuredhelp-ai/injuredhelp-ai/content/blog/semi-truck-accident-in-portland-oregon-what-to-do-2026.md
[2026-06-02T18:54:15.137950+00:00] IndexNow queued for semi-truck-accident-in-portland-oregon-what-to-do-2026
[2026-06-02T18:54:15.138469+00:00] Syndication → content/syndication/semi-truck-accident-in-portland-oregon-what-to-do-2026.json
[2026-06-02T18:54:15.181240+00:00] Done: 5/5 published (platinum bar ≥100, ≥3000w) — ['north-carolina-car-accident-statute-of-limitations-charlotte-2026', 'semi-truck-accident-in-fargo-north-dakota-what-to-do-2026', 'ohio-car-accident-statute-of-limitations-columbus-2026', 'semi-truck-accident-in-oklahoma-city-oklahoma-what-to-do-2026', 'semi-truck-accident-in-portland-oregon-what-to-do-2026']
[2026-06-02T18:54:15.187376+00:00] Daily ledger (UTC): 37/50 states, 49 EN posts
[2026-06-02T18:54:15.473017+00:00]  "tail": " Florida step by step\u2026\n\u25cb [state] Best car accident lawyer in Georgia \u2014 how referral services work\u2026\n\u25cb [state] Truck accident lawyer Georgia 2026 guide\u2026\n\u25cb [state] Modified comparative fault car accidents Georgia\u2026\n\nReport \u2192 /home/runner/work/injuredhelp-ai/injuredhelp-ai/content/autopilot/ai_citation_report.json\n\nTip: export PERPLEXITY_API_KEY=... && node scripts/ai-citation-monitor.mjs --live --limit 15\n\nReport: /home/runner/work/injuredhelp-ai/injuredhelp-ai/content/autopilot/exposure_report.json\n{\n  \"at\": \"2026-06-02T18:54:15.347249+00:00\",\n  \"stats\": {\n    \"enPosts\": 659,\n    \"esPosts\": 659,\n    \"platinumEn\": 640,\n    \"lastUpdated\": \"2026-06-02\"\n  },\n  \"indexnow\": {\n    \"ok\": true,\n    \"returncode\": 0,\n    \"extraSlugs\": [\n      \"north-carolina-car-accident-statute-of-limitations-charlotte-2026\",\n      \"semi-truck-accident-in-fargo-north-dakota-what-to-do-2026\",\n      \"ohio-car-accident-statute-of-limitations-columbus-2026\",\n      \"semi-truck-accident-in-oklahoma-city-oklahoma-what-to-do-2026\",\n      \"semi-truck-accident-in-portland-oregon-what-to-do-2026\"\n    ]\n  },\n  \"aiCitations\": {\n    \"ok\": true,\n    \"live\": false,\n    \"wreckmatchHitRate\": null,\n    \"totalPrompts\": null\n  }\n}\n"
    }
  ],
  "social_ready": {
    "exported": 1,
    "dir": "/home/runner/work/injuredhelp-ai/injuredhelp-ai/content/autopilot/social_ready"
  },
  "ok": false
}

[2026-06-02T18:54:15.473205+00:00] WARN organic_crush exit 1
Target: 50 states (top city per state) — UTC day 2026-06-02

Round 1: 24/50 states — need 26
After round 1: 29/50 states

Round 2: 29/50 states — need 21
After round 2: 34/50 states

Round 3: 34/50 states — need 16
After round 3: 37/50 states

Final: 37/50 states
Partial progress OK (37/50) — next scheduled run will continue.
